Determining if the function crc32c_value exists in the crc32c failed with the following output:
Change Dir: /home/tom/kujacoin-28.3/build/leveldb/CMakeFiles/CMakeTmp

Run Build Command(s):/usr/bin/make -f Makefile cmTC_c8c6d/fast && /usr/bin/make  -f CMakeFiles/cmTC_c8c6d.dir/build.make CMakeFiles/cmTC_c8c6d.dir/build
make[1]: Entering directory '/home/tom/kujacoin-28.3/build/leveldb/CMakeFiles/CMakeTmp'
Building C object CMakeFiles/cmTC_c8c6d.dir/CheckFunctionExists.c.o
/usr/bin/cc   -DCHECK_FUNCTION_EXISTS=crc32c_value -std=c11 -o CMakeFiles/cmTC_c8c6d.dir/CheckFunctionExists.c.o -c /usr/share/cmake-3.20/Modules/CheckFunctionExists.c
Linking C executable cmTC_c8c6d
/usr/bin/cmake -E cmake_link_script CMakeFiles/cmTC_c8c6d.dir/link.txt --verbose=1
/usr/bin/cc  -DCHECK_FUNCTION_EXISTS=crc32c_value CMakeFiles/cmTC_c8c6d.dir/CheckFunctionExists.c.o -o cmTC_c8c6d  -lcrc32c 
/usr/bin/ld: cannot find -lcrc32c
collect2: error: ld returned 1 exit status
CMakeFiles/cmTC_c8c6d.dir/build.make:98: recipe for target 'cmTC_c8c6d' failed
make[1]: *** [cmTC_c8c6d] Error 1
make[1]: Leaving directory '/home/tom/kujacoin-28.3/build/leveldb/CMakeFiles/CMakeTmp'
Makefile:127: recipe for target 'cmTC_c8c6d/fast' failed
make: *** [cmTC_c8c6d/fast] Error 2



Determining if the function malloc exists in the tcmalloc failed with the following output:
Change Dir: /home/tom/kujacoin-28.3/build/leveldb/CMakeFiles/CMakeTmp

Run Build Command(s):/usr/bin/make -f Makefile cmTC_f1996/fast && /usr/bin/make  -f CMakeFiles/cmTC_f1996.dir/build.make CMakeFiles/cmTC_f1996.dir/build
make[1]: Entering directory '/home/tom/kujacoin-28.3/build/leveldb/CMakeFiles/CMakeTmp'
Building C object CMakeFiles/cmTC_f1996.dir/CheckFunctionExists.c.o
/usr/bin/cc   -DCHECK_FUNCTION_EXISTS=malloc -std=c11 -o CMakeFiles/cmTC_f1996.dir/CheckFunctionExists.c.o -c /usr/share/cmake-3.20/Modules/CheckFunctionExists.c
<command-line>: warning: conflicting types for built-in function 'malloc' [-Wbuiltin-declaration-mismatch]
/usr/share/cmake-3.20/Modules/CheckFunctionExists.c:7:3: note: in expansion of macro 'CHECK_FUNCTION_EXISTS'
   CHECK_FUNCTION_EXISTS(void);
   ^~~~~~~~~~~~~~~~~~~~~
Linking C executable cmTC_f1996
/usr/bin/cmake -E cmake_link_script CMakeFiles/cmTC_f1996.dir/link.txt --verbose=1
/usr/bin/cc  -DCHECK_FUNCTION_EXISTS=malloc CMakeFiles/cmTC_f1996.dir/CheckFunctionExists.c.o -o cmTC_f1996  -ltcmalloc 
/usr/bin/ld: cannot find -ltcmalloc
collect2: error: ld returned 1 exit status
CMakeFiles/cmTC_f1996.dir/build.make:98: recipe for target 'cmTC_f1996' failed
make[1]: *** [cmTC_f1996] Error 1
make[1]: Leaving directory '/home/tom/kujacoin-28.3/build/leveldb/CMakeFiles/CMakeTmp'
Makefile:127: recipe for target 'cmTC_f1996/fast' failed
make: *** [cmTC_f1996/fast] Error 2



Determining if the F_FULLFSYNC exist failed with the following output:
Change Dir: /home/tom/kujacoin-28.3/build/leveldb/CMakeFiles/CMakeTmp

Run Build Command(s):/usr/bin/make -f Makefile cmTC_521a6/fast && /usr/bin/make  -f CMakeFiles/cmTC_521a6.dir/build.make CMakeFiles/cmTC_521a6.dir/build
make[1]: Entering directory '/home/tom/kujacoin-28.3/build/leveldb/CMakeFiles/CMakeTmp'
Building CXX object CMakeFiles/cmTC_521a6.dir/CheckSymbolExists.cxx.o
/usr/bin/c++   -std=c++11 -o CMakeFiles/cmTC_521a6.dir/CheckSymbolExists.cxx.o -c /home/tom/kujacoin-28.3/build/leveldb/CMakeFiles/CMakeTmp/CheckSymbolExists.cxx
/home/tom/kujacoin-28.3/build/leveldb/CMakeFiles/CMakeTmp/CheckSymbolExists.cxx: In function 'int main(int, char**)':
/home/tom/kujacoin-28.3/build/leveldb/CMakeFiles/CMakeTmp/CheckSymbolExists.cxx:8:19: error: 'F_FULLFSYNC' was not declared in this scope
   return ((int*)(&F_FULLFSYNC))[argc];
                   ^~~~~~~~~~~
/home/tom/kujacoin-28.3/build/leveldb/CMakeFiles/CMakeTmp/CheckSymbolExists.cxx:8:19: note: suggested alternative: 'O_FSYNC'
   return ((int*)(&F_FULLFSYNC))[argc];
                   ^~~~~~~~~~~
                   O_FSYNC
CMakeFiles/cmTC_521a6.dir/build.make:77: recipe for target 'CMakeFiles/cmTC_521a6.dir/CheckSymbolExists.cxx.o' failed
make[1]: *** [CMakeFiles/cmTC_521a6.dir/CheckSymbolExists.cxx.o] Error 1
make[1]: Leaving directory '/home/tom/kujacoin-28.3/build/leveldb/CMakeFiles/CMakeTmp'
Makefile:127: recipe for target 'cmTC_521a6/fast' failed
make: *** [cmTC_521a6/fast] Error 2


File /home/tom/kujacoin-28.3/build/leveldb/CMakeFiles/CMakeTmp/CheckSymbolExists.cxx:
/* */
#include <fcntl.h>

int main(int argc, char** argv)
{
  (void)argv;
#ifndef F_FULLFSYNC
  return ((int*)(&F_FULLFSYNC))[argc];
#else
  (void)argc;
  return 0;
#endif
}
Performing C++ SOURCE FILE Test HAVE_CLANG_THREAD_SAFETY failed with the following output:
Change Dir: /home/tom/kujacoin-28.3/build/leveldb/CMakeFiles/CMakeTmp

Run Build Command(s):/usr/bin/make -f Makefile cmTC_4e0d5/fast && /usr/bin/make  -f CMakeFiles/cmTC_4e0d5.dir/build.make CMakeFiles/cmTC_4e0d5.dir/build
make[1]: Entering directory '/home/tom/kujacoin-28.3/build/leveldb/CMakeFiles/CMakeTmp'
Building CXX object CMakeFiles/cmTC_4e0d5.dir/src.cxx.o
/usr/bin/c++ -DHAVE_CLANG_THREAD_SAFETY  -fno-exceptions -fno-rtti    -Wthread-safety -std=c++11 -o CMakeFiles/cmTC_4e0d5.dir/src.cxx.o -c /home/tom/kujacoin-28.3/build/leveldb/CMakeFiles/CMakeTmp/src.cxx
c++: error: unrecognized command line option '-Wthread-safety'; did you mean '-fthread-jumps'?
CMakeFiles/cmTC_4e0d5.dir/build.make:77: recipe for target 'CMakeFiles/cmTC_4e0d5.dir/src.cxx.o' failed
make[1]: *** [CMakeFiles/cmTC_4e0d5.dir/src.cxx.o] Error 1
make[1]: Leaving directory '/home/tom/kujacoin-28.3/build/leveldb/CMakeFiles/CMakeTmp'
Makefile:127: recipe for target 'cmTC_4e0d5/fast' failed
make: *** [cmTC_4e0d5/fast] Error 2


Source file was:
int main() { return 0; }
Performing C SOURCE FILE Test CMAKE_HAVE_LIBC_PTHREAD failed with the following output:
Change Dir: /home/tom/kujacoin-28.3/build/leveldb/CMakeFiles/CMakeTmp

Run Build Command(s):/usr/bin/make -f Makefile cmTC_84f95/fast && /usr/bin/make  -f CMakeFiles/cmTC_84f95.dir/build.make CMakeFiles/cmTC_84f95.dir/build
make[1]: Entering directory '/home/tom/kujacoin-28.3/build/leveldb/CMakeFiles/CMakeTmp'
Building C object CMakeFiles/cmTC_84f95.dir/src.c.o
/usr/bin/cc -DCMAKE_HAVE_LIBC_PTHREAD  -Wstrict-prototypes  -std=c11 -o CMakeFiles/cmTC_84f95.dir/src.c.o -c /home/tom/kujacoin-28.3/build/leveldb/CMakeFiles/CMakeTmp/src.c
Linking C executable cmTC_84f95
/usr/bin/cmake -E cmake_link_script CMakeFiles/cmTC_84f95.dir/link.txt --verbose=1
/usr/bin/cc  -Wstrict-prototypes  CMakeFiles/cmTC_84f95.dir/src.c.o -o cmTC_84f95 
CMakeFiles/cmTC_84f95.dir/src.c.o: In function `main':
src.c:(.text+0x3c): undefined reference to `pthread_create'
src.c:(.text+0x48): undefined reference to `pthread_detach'
src.c:(.text+0x54): undefined reference to `pthread_cancel'
src.c:(.text+0x65): undefined reference to `pthread_join'
src.c:(.text+0x79): undefined reference to `pthread_atfork'
collect2: error: ld returned 1 exit status
CMakeFiles/cmTC_84f95.dir/build.make:98: recipe for target 'cmTC_84f95' failed
make[1]: *** [cmTC_84f95] Error 1
make[1]: Leaving directory '/home/tom/kujacoin-28.3/build/leveldb/CMakeFiles/CMakeTmp'
Makefile:127: recipe for target 'cmTC_84f95/fast' failed
make: *** [cmTC_84f95/fast] Error 2


Source file was:
#include <pthread.h>

static void* test_func(void* data)
{
  return data;
}

int main(void)
{
  pthread_t thread;
  pthread_create(&thread, NULL, test_func, NULL);
  pthread_detach(thread);
  pthread_cancel(thread);
  pthread_join(thread, NULL);
  pthread_atfork(NULL, NULL, NULL);
  pthread_exit(NULL);

  return 0;
}

Determining if the function pthread_create exists in the pthreads failed with the following output:
Change Dir: /home/tom/kujacoin-28.3/build/leveldb/CMakeFiles/CMakeTmp

Run Build Command(s):/usr/bin/make -f Makefile cmTC_7b9ab/fast && /usr/bin/make  -f CMakeFiles/cmTC_7b9ab.dir/build.make CMakeFiles/cmTC_7b9ab.dir/build
make[1]: Entering directory '/home/tom/kujacoin-28.3/build/leveldb/CMakeFiles/CMakeTmp'
Building C object CMakeFiles/cmTC_7b9ab.dir/CheckFunctionExists.c.o
/usr/bin/cc   -Wstrict-prototypes -DCHECK_FUNCTION_EXISTS=pthread_create -std=c11 -o CMakeFiles/cmTC_7b9ab.dir/CheckFunctionExists.c.o -c /usr/share/cmake-3.20/Modules/CheckFunctionExists.c
Linking C executable cmTC_7b9ab
/usr/bin/cmake -E cmake_link_script CMakeFiles/cmTC_7b9ab.dir/link.txt --verbose=1
/usr/bin/cc  -Wstrict-prototypes -DCHECK_FUNCTION_EXISTS=pthread_create CMakeFiles/cmTC_7b9ab.dir/CheckFunctionExists.c.o -o cmTC_7b9ab  -lpthreads 
/usr/bin/ld: cannot find -lpthreads
collect2: error: ld returned 1 exit status
CMakeFiles/cmTC_7b9ab.dir/build.make:98: recipe for target 'cmTC_7b9ab' failed
make[1]: *** [cmTC_7b9ab] Error 1
make[1]: Leaving directory '/home/tom/kujacoin-28.3/build/leveldb/CMakeFiles/CMakeTmp'
Makefile:127: recipe for target 'cmTC_7b9ab/fast' failed
make: *** [cmTC_7b9ab/fast] Error 2



